libva error: /usr/lib/x86_64-linux-gnu/dri/i965_drv_video.so init failed
[46632:46632:0222/120658.973398:ERROR:sandbox_linux.cc(374)] InitializeSandbox() called with multiple threads in process gpu-process.
libva error: /usr/lib/x86_64-linux-gnu/dri/i965_drv_video.so init failed
[46646:46646:0222/120659.003492:ERROR:sandbox_linux.cc(374)] InitializeSandbox() called with multiple threads in process gpu-process.
WINDOW DECORATIONS RELOADED
Opening in existing browser session.
WINDOW DECORATIONS RELOADED
Opening in existing browser session.
WINDOW DECORATIONS RELOADED
Opening in existing browser session.
kf.service.services: KApplicationTrader: mimeType "x-scheme-handler/mailto" not found
[46632:46632:0222/144118.341819:ERROR:gl_utils.cc(314)] [.RenderCompositor-0x82d77cd9c00] GL_INVALID_OPERATION: Invalid fence object.
[46632:46632:0222/145835.070026:ERROR:shared_image_manager.cc(214)] SharedImageManager::ProduceSkia: Trying to Produce a Skia representation from a non-existent mailbox.
[46632:46632:0222/145835.070297:ERROR:shared_image_manager.cc(214)] SharedImageManager::ProduceSkia: Trying to Produce a Skia representation from a non-existent mailbox.
[46632:46632:0222/145835.070492:ERROR:shared_image_manager.cc(214)] SharedImageManager::ProduceSkia: Trying to Produce a Skia representation from a non-existent mailbox.
Fontconfig error: Cannot load default config file: No such file: (null)
[46634:46658:0222/155228.568105:ERROR:ssl_client_socket_impl.cc(962)] handshake failed; returned -1, SSL error code 1, net_error -101
[46632:46632:0222/165110.239230:ERROR:shared_image_manager.cc(214)] SharedImageManager::ProduceSkia: Trying to Produce a Skia representation from a non-existent mailbox.
[46632:46632:0222/165110.239524:ERROR:shared_image_manager.cc(214)] SharedImageManager::ProduceSkia: Trying to Produce a Skia representation from a non-existent mailbox.
[46632:46632:0222/165110.239815:ERROR:shared_image_manager.cc(214)] SharedImageManager::ProduceSkia: Trying to Produce a Skia representation from a non-existent mailbox.
[46632:46632:0222/165110.240188:ERROR:shared_image_manager.cc(214)] SharedImageManager::ProduceSkia: Trying to Produce a Skia representation from a non-existent mailbox.
[46632:46632:0222/165110.240591:ERROR:shared_image_manager.cc(214)] SharedImageManager::ProduceSkia: Trying to Produce a Skia representation from a non-existent mailbox.
[46632:46632:0222/165110.240963:ERROR:shared_image_manager.cc(214)] SharedImageManager::ProduceSkia: Trying to Produce a Skia representation from a non-existent mailbox.
[46632:46632:0222/165110.241308:ERROR:shared_image_manager.cc(214)] SharedImageManager::ProduceSkia: Trying to Produce a Skia representation from a non-existent mailbox.
[46632:46632:0222/165110.241683:ERROR:shared_image_manager.cc(214)] SharedImageManager::ProduceSkia: Trying to Produce a Skia representation from a non-existent mailbox.
[46632:46632:0222/165110.242099:ERROR:shared_image_manager.cc(214)] SharedImageManager::ProduceSkia: Trying to Produce a Skia representation from a non-existent mailbox.
[46632:46632:0222/165110.242512:ERROR:shared_image_manager.cc(214)] SharedImageManager::ProduceSkia: Trying to Produce a Skia representation from a non-existent mailbox.
[46632:46632:0222/165110.242895:ERROR:shared_image_manager.cc(214)] SharedImageManager::ProduceSkia: Trying to Produce a Skia representation from a non-existent mailbox.
[46632:46632:0222/165110.243236:ERROR:shared_image_manager.cc(214)] SharedImageManager::ProduceSkia: Trying to Produce a Skia representation from a non-existent mailbox.
[46632:46632:0222/165110.243592:ERROR:shared_image_manager.cc(214)] SharedImageManager::ProduceSkia: Trying to Produce a Skia representation from a non-existent mailbox.
[46632:46632:0222/165110.243914:ERROR:shared_image_manager.cc(214)] SharedImageManager::ProduceSkia: Trying to Produce a Skia representation from a non-existent mailbox.
[46632:46632:0222/165110.244244:ERROR:shared_image_manager.cc(214)] SharedImageManager::ProduceSkia: Trying to Produce a Skia representation from a non-existent mailbox.
[46632:46632:0222/165110.244554:ERROR:shared_image_manager.cc(214)] SharedImageManager::ProduceSkia: Trying to Produce a Skia representation from a non-existent mailbox.
[46632:46632:0222/165110.244646:ERROR:shared_image_manager.cc(214)] SharedImageManager::ProduceSkia: Trying to Produce a Skia representation from a non-existent mailbox.
[46632:46632:0222/165110.244732:ERROR:shared_image_manager.cc(214)] SharedImageManager::ProduceSkia: Trying to Produce a Skia representation from a non-existent mailbox.
[46632:46632:0222/165110.244805:ERROR:shared_image_manager.cc(214)] SharedImageManager::ProduceSkia: Trying to Produce a Skia representation from a non-existent mailbox.
[46632:46632:0222/165110.244865:ERROR:shared_image_manager.cc(214)] SharedImageManager::ProduceSkia: Trying to Produce a Skia representation from a non-existent mailbox.
[46632:46632:0222/165110.244925:ERROR:shared_image_manager.cc(214)] SharedImageManager::ProduceSkia: Trying to Produce a Skia representation from a non-existent mailbox.
[46632:46632:0222/165110.244987:ERROR:shared_image_manager.cc(214)] SharedImageManager::ProduceSkia: Trying to Produce a Skia representation from a non-existent mailbox.
[46632:46632:0222/165110.245064:ERROR:shared_image_manager.cc(214)] SharedImageManager::ProduceSkia: Trying to Produce a Skia representation from a non-existent mailbox.
[46632:46632:0222/165110.245141:ERROR:shared_image_manager.cc(214)] SharedImageManager::ProduceSkia: Trying to Produce a Skia representation from a non-existent mailbox.
[46632:46632:0222/165110.245211:ERROR:shared_image_manager.cc(214)] SharedImageManager::ProduceSkia: Trying to Produce a Skia representation from a non-existent mailbox.
[46632:46632:0222/165110.245274:ERROR:shared_image_manager.cc(214)] SharedImageManager::ProduceSkia: Trying to Produce a Skia representation from a non-existent mailbox.
[46632:46632:0222/165110.245350:ERROR:shared_image_manager.cc(214)] SharedImageManager::ProduceSkia: Trying to Produce a Skia representation from a non-existent mailbox.
WINDOW DECORATIONS RELOADED
